12:37:30.576 [ApplicationImpl pooled thread 6382] INFO  c.b.l.BrowserStackRunExtension - testng
12:37:30.577 [ApplicationImpl pooled thread 6382] INFO  com.browserstack.utils.Helpers - null
12:37:30.577 [ApplicationImpl pooled thread 6382] INFO  c.b.l.BrowserStackRunExtension - Agent path: null
12:38:30.465 [ApplicationImpl pooled thread 6375] INFO  c.b.l.BrowserStackRunExtension - testng
12:38:30.465 [ApplicationImpl pooled thread 6375] INFO  com.browserstack.utils.Helpers - null
12:38:30.465 [ApplicationImpl pooled thread 6375] INFO  c.b.l.BrowserStackRunExtension - Agent path: null
12:39:56.429 [ApplicationImpl pooled thread 6382] INFO  c.b.l.BrowserStackRunExtension - testng
12:39:56.429 [ApplicationImpl pooled thread 6382] INFO  com.browserstack.utils.Helpers - null
12:39:56.429 [ApplicationImpl pooled thread 6382] INFO  c.b.l.BrowserStackRunExtension - Agent path: null
12:42:34.208 [ApplicationImpl pooled thread 6391] INFO  c.b.l.BrowserStackRunExtension - testng
12:42:34.208 [ApplicationImpl pooled thread 6391] INFO  com.browserstack.utils.Helpers - null
12:42:34.209 [ApplicationImpl pooled thread 6391] INFO  c.b.l.BrowserStackRunExtension - Agent path: null
12:44:12.567 [ApplicationImpl pooled thread 6376] INFO  c.b.l.BrowserStackRunExtension - testng
12:44:12.567 [ApplicationImpl pooled thread 6376] INFO  com.browserstack.utils.Helpers - null
12:44:12.569 [ApplicationImpl pooled thread 6376] INFO  c.b.l.BrowserStackRunExtension - Agent path: null
12:44:39.318 [ApplicationImpl pooled thread 6400] INFO  c.b.l.BrowserStackRunExtension - testng
12:44:39.318 [ApplicationImpl pooled thread 6400] INFO  com.browserstack.utils.Helpers - null
12:44:39.320 [ApplicationImpl pooled thread 6400] INFO  c.b.l.BrowserStackRunExtension - Agent path: null
12:51:32.393 [ApplicationImpl pooled thread 6409] INFO  c.b.l.BrowserStackRunExtension - testng
12:51:32.393 [ApplicationImpl pooled thread 6409] INFO  com.browserstack.utils.Helpers - null
12:51:32.394 [ApplicationImpl pooled thread 6409] INFO  c.b.l.BrowserStackRunExtension - Agent path: null
13:05:31.099 [ApplicationImpl pooled thread 6383] INFO  c.b.l.BrowserStackRunExtension - testng
13:05:31.099 [ApplicationImpl pooled thread 6383] INFO  com.browserstack.utils.Helpers - null
13:05:31.100 [ApplicationImpl pooled thread 6383] INFO  c.b.l.BrowserStackRunExtension - Agent path: null
13:05:59.218 [ApplicationImpl pooled thread 6425] INFO  c.b.l.BrowserStackRunExtension - testng
13:05:59.218 [ApplicationImpl pooled thread 6425] INFO  com.browserstack.utils.Helpers - null
13:05:59.219 [ApplicationImpl pooled thread 6425] INFO  c.b.l.BrowserStackRunExtension - Agent path: null
16:22:59.091 [ApplicationImpl pooled thread 6642] INFO  c.b.l.BrowserStackRunExtension - testng
16:22:59.091 [ApplicationImpl pooled thread 6642] INFO  com.browserstack.utils.Helpers - null
16:22:59.091 [ApplicationImpl pooled thread 6642] INFO  c.b.l.BrowserStackRunExtension - Agent path: null
16:24:41.920 [ApplicationImpl pooled thread 6654] INFO  c.b.l.BrowserStackRunExtension - testng
16:24:41.920 [ApplicationImpl pooled thread 6654] INFO  com.browserstack.utils.Helpers - null
16:24:41.920 [ApplicationImpl pooled thread 6654] INFO  c.b.l.BrowserStackRunExtension - Agent path: null
16:26:10.865 [ApplicationImpl pooled thread 6633] INFO  c.b.l.BrowserStackRunExtension - testng
16:26:10.865 [ApplicationImpl pooled thread 6633] INFO  com.browserstack.utils.Helpers - null
16:26:10.865 [ApplicationImpl pooled thread 6633] INFO  c.b.l.BrowserStackRunExtension - Agent path: null
16:28:26.013 [ApplicationImpl pooled thread 6653] INFO  c.b.l.BrowserStackRunExtension - testng
16:28:26.013 [ApplicationImpl pooled thread 6653] INFO  com.browserstack.utils.Helpers - null
16:28:26.014 [ApplicationImpl pooled thread 6653] INFO  c.b.l.BrowserStackRunExtension - Agent path: null
16:31:18.333 [ApplicationImpl pooled thread 6638] INFO  c.b.l.BrowserStackRunExtension - testng
16:31:18.333 [ApplicationImpl pooled thread 6638] INFO  com.browserstack.utils.Helpers - null
16:31:18.335 [ApplicationImpl pooled thread 6638] INFO  c.b.l.BrowserStackRunExtension - Agent path: null
16:35:07.560 [ApplicationImpl pooled thread 6660] INFO  c.b.l.BrowserStackRunExtension - testng
16:35:07.560 [ApplicationImpl pooled thread 6660] INFO  com.browserstack.utils.Helpers - null
16:35:07.560 [ApplicationImpl pooled thread 6660] INFO  c.b.l.BrowserStackRunExtension - Agent path: null
16:38:33.555 [ApplicationImpl pooled thread 6654] INFO  c.b.l.BrowserStackRunExtension - testng
16:38:33.555 [ApplicationImpl pooled thread 6654] INFO  com.browserstack.utils.Helpers - null
16:38:33.556 [ApplicationImpl pooled thread 6654] INFO  c.b.l.BrowserStackRunExtension - Agent path: null
16:43:17.939 [ApplicationImpl pooled thread 6667] INFO  c.b.l.BrowserStackRunExtension - testng
16:43:17.939 [ApplicationImpl pooled thread 6667] INFO  com.browserstack.utils.Helpers - null
16:43:17.939 [ApplicationImpl pooled thread 6667] INFO  c.b.l.BrowserStackRunExtension - Agent path: null
16:45:39.825 [ApplicationImpl pooled thread 6642] INFO  c.b.l.BrowserStackRunExtension - testng
16:45:39.825 [ApplicationImpl pooled thread 6642] INFO  com.browserstack.utils.Helpers - null
16:45:39.826 [ApplicationImpl pooled thread 6642] INFO  c.b.l.BrowserStackRunExtension - Agent path: null
16:49:04.637 [ApplicationImpl pooled thread 6636] INFO  c.b.l.BrowserStackRunExtension - testng
16:49:04.637 [ApplicationImpl pooled thread 6636] INFO  com.browserstack.utils.Helpers - null
16:49:04.638 [ApplicationImpl pooled thread 6636] INFO  c.b.l.BrowserStackRunExtension - Agent path: null
16:49:40.011 [ApplicationImpl pooled thread 6633] INFO  c.b.l.BrowserStackRunExtension - testng
16:49:40.011 [ApplicationImpl pooled thread 6633] INFO  com.browserstack.utils.Helpers - null
16:49:40.013 [ApplicationImpl pooled thread 6633] INFO  c.b.l.BrowserStackRunExtension - Agent path: null
16:50:41.785 [ApplicationImpl pooled thread 6638] INFO  c.b.l.BrowserStackRunExtension - testng
16:50:41.785 [ApplicationImpl pooled thread 6638] INFO  com.browserstack.utils.Helpers - null
16:50:41.785 [ApplicationImpl pooled thread 6638] INFO  c.b.l.BrowserStackRunExtension - Agent path: null
16:53:00.933 [ApplicationImpl pooled thread 6672] INFO  c.b.l.BrowserStackRunExtension - testng
16:53:00.933 [ApplicationImpl pooled thread 6672] INFO  com.browserstack.utils.Helpers - null
16:53:00.934 [ApplicationImpl pooled thread 6672] INFO  c.b.l.BrowserStackRunExtension - Agent path: null
16:53:27.651 [ApplicationImpl pooled thread 6674] INFO  c.b.l.BrowserStackRunExtension - testng
16:53:27.651 [ApplicationImpl pooled thread 6674] INFO  com.browserstack.utils.Helpers - null
16:53:27.651 [ApplicationImpl pooled thread 6674] INFO  c.b.l.BrowserStackRunExtension - Agent path: null
16:54:10.178 [ApplicationImpl pooled thread 6633] INFO  c.b.l.BrowserStackRunExtension - testng
16:54:10.178 [ApplicationImpl pooled thread 6633] INFO  com.browserstack.utils.Helpers - null
16:54:10.179 [ApplicationImpl pooled thread 6633] INFO  c.b.l.BrowserStackRunExtension - Agent path: null
16:54:46.278 [ApplicationImpl pooled thread 6675] INFO  c.b.l.BrowserStackRunExtension - testng
16:54:46.278 [ApplicationImpl pooled thread 6675] INFO  com.browserstack.utils.Helpers - null
16:54:46.278 [ApplicationImpl pooled thread 6675] INFO  c.b.l.BrowserStackRunExtension - Agent path: null
16:55:38.625 [ApplicationImpl pooled thread 6654] INFO  c.b.l.BrowserStackRunExtension - testng
16:55:38.625 [ApplicationImpl pooled thread 6654] INFO  com.browserstack.utils.Helpers - null
16:55:38.625 [ApplicationImpl pooled thread 6654] INFO  c.b.l.BrowserStackRunExtension - Agent path: null
16:58:13.563 [ApplicationImpl pooled thread 6679] INFO  c.b.l.BrowserStackRunExtension - testng
16:58:13.563 [ApplicationImpl pooled thread 6679] INFO  com.browserstack.utils.Helpers - null
16:58:13.563 [ApplicationImpl pooled thread 6679] INFO  c.b.l.BrowserStackRunExtension - Agent path: null
17:00:47.516 [ApplicationImpl pooled thread 6675] INFO  c.b.l.BrowserStackRunExtension - testng
17:00:47.516 [ApplicationImpl pooled thread 6675] INFO  com.browserstack.utils.Helpers - null
17:00:47.516 [ApplicationImpl pooled thread 6675] INFO  c.b.l.BrowserStackRunExtension - Agent path: null
17:01:48.256 [ApplicationImpl pooled thread 6679] INFO  c.b.l.BrowserStackRunExtension - testng
17:01:48.257 [ApplicationImpl pooled thread 6679] INFO  com.browserstack.utils.Helpers - null
17:01:48.257 [ApplicationImpl pooled thread 6679] INFO  c.b.l.BrowserStackRunExtension - Agent path: null
17:02:33.809 [ApplicationImpl pooled thread 6681] INFO  c.b.l.BrowserStackRunExtension - testng
17:02:33.809 [ApplicationImpl pooled thread 6681] INFO  com.browserstack.utils.Helpers - null
17:02:33.811 [ApplicationImpl pooled thread 6681] INFO  c.b.l.BrowserStackRunExtension - Agent path: null
17:03:19.154 [ApplicationImpl pooled thread 6682] INFO  c.b.l.BrowserStackRunExtension - testng
17:03:19.154 [ApplicationImpl pooled thread 6682] INFO  com.browserstack.utils.Helpers - null
17:03:19.155 [ApplicationImpl pooled thread 6682] INFO  c.b.l.BrowserStackRunExtension - Agent path: null
17:08:25.351 [ApplicationImpl pooled thread 6610] INFO  c.b.l.BrowserStackRunExtension - testng
17:08:25.351 [ApplicationImpl pooled thread 6610] INFO  com.browserstack.utils.Helpers - null
17:08:25.351 [ApplicationImpl pooled thread 6610] INFO  c.b.l.BrowserStackRunExtension - Agent path: null
17:09:28.772 [ApplicationImpl pooled thread 6654] INFO  c.b.l.BrowserStackRunExtension - testng
17:09:28.772 [ApplicationImpl pooled thread 6654] INFO  com.browserstack.utils.Helpers - null
17:09:28.773 [ApplicationImpl pooled thread 6654] INFO  c.b.l.BrowserStackRunExtension - Agent path: null
17:11:18.686 [ApplicationImpl pooled thread 6684] INFO  c.b.l.BrowserStackRunExtension - testng
17:11:18.686 [ApplicationImpl pooled thread 6684] INFO  com.browserstack.utils.Helpers - null
17:11:18.688 [ApplicationImpl pooled thread 6684] INFO  c.b.l.BrowserStackRunExtension - Agent path: null
17:12:34.660 [ApplicationImpl pooled thread 6693] INFO  c.b.l.BrowserStackRunExtension - testng
17:12:34.660 [ApplicationImpl pooled thread 6693] INFO  com.browserstack.utils.Helpers - null
17:12:34.660 [ApplicationImpl pooled thread 6693] INFO  c.b.l.BrowserStackRunExtension - Agent path: null
17:26:25.530 [ApplicationImpl pooled thread 6710] INFO  c.b.l.BrowserStackRunExtension - testng
17:26:25.530 [ApplicationImpl pooled thread 6710] INFO  com.browserstack.utils.Helpers - null
17:26:25.530 [ApplicationImpl pooled thread 6710] INFO  c.b.l.BrowserStackRunExtension - Agent path: null
17:28:06.673 [ApplicationImpl pooled thread 6709] INFO  c.b.l.BrowserStackRunExtension - testng
17:28:06.673 [ApplicationImpl pooled thread 6709] INFO  com.browserstack.utils.Helpers - null
17:28:06.675 [ApplicationImpl pooled thread 6709] INFO  c.b.l.BrowserStackRunExtension - Agent path: null
17:28:21.646 [ApplicationImpl pooled thread 6709] INFO  c.b.l.BrowserStackRunExtension - testng
17:28:21.646 [ApplicationImpl pooled thread 6709] INFO  com.browserstack.utils.Helpers - null
17:28:21.647 [ApplicationImpl pooled thread 6709] INFO  c.b.l.BrowserStackRunExtension - Agent path: null
17:29:02.904 [ApplicationImpl pooled thread 6717] INFO  c.b.l.BrowserStackRunExtension - testng
17:29:02.904 [ApplicationImpl pooled thread 6717] INFO  com.browserstack.utils.Helpers - null
17:29:02.905 [ApplicationImpl pooled thread 6717] INFO  c.b.l.BrowserStackRunExtension - Agent path: null
17:33:52.884 [ApplicationImpl pooled thread 6714] INFO  c.b.l.BrowserStackRunExtension - testng
17:33:52.884 [ApplicationImpl pooled thread 6714] INFO  com.browserstack.utils.Helpers - null
17:33:52.885 [ApplicationImpl pooled thread 6714] INFO  c.b.l.BrowserStackRunExtension - Agent path: null
17:35:26.024 [ApplicationImpl pooled thread 6715] INFO  c.b.l.BrowserStackRunExtension - testng
17:35:26.025 [ApplicationImpl pooled thread 6715] INFO  com.browserstack.utils.Helpers - null
17:35:26.025 [ApplicationImpl pooled thread 6715] INFO  c.b.l.BrowserStackRunExtension - Agent path: null
17:38:40.990 [ApplicationImpl pooled thread 6715] INFO  c.b.l.BrowserStackRunExtension - testng
17:38:40.990 [ApplicationImpl pooled thread 6715] INFO  com.browserstack.utils.Helpers - null
17:38:40.992 [ApplicationImpl pooled thread 6715] INFO  c.b.l.BrowserStackRunExtension - Agent path: null
17:40:12.775 [ApplicationImpl pooled thread 6716] INFO  c.b.l.BrowserStackRunExtension - testng
17:40:12.776 [ApplicationImpl pooled thread 6716] INFO  com.browserstack.utils.Helpers - null
17:40:12.776 [ApplicationImpl pooled thread 6716] INFO  c.b.l.BrowserStackRunExtension - Agent path: null
17:42:34.104 [ApplicationImpl pooled thread 6716] INFO  c.b.l.BrowserStackRunExtension - testng
17:42:34.104 [ApplicationImpl pooled thread 6716] INFO  com.browserstack.utils.Helpers - null
17:42:34.105 [ApplicationImpl pooled thread 6716] INFO  c.b.l.BrowserStackRunExtension - Agent path: null
17:44:32.996 [ApplicationImpl pooled thread 6725] INFO  c.b.l.BrowserStackRunExtension - testng
17:44:32.996 [ApplicationImpl pooled thread 6725] INFO  com.browserstack.utils.Helpers - null
17:44:32.996 [ApplicationImpl pooled thread 6725] INFO  c.b.l.BrowserStackRunExtension - Agent path: null
17:46:35.672 [ApplicationImpl pooled thread 6739] INFO  c.b.l.BrowserStackRunExtension - testng
17:46:35.673 [ApplicationImpl pooled thread 6739] INFO  com.browserstack.utils.Helpers - null
17:46:35.673 [ApplicationImpl pooled thread 6739] INFO  c.b.l.BrowserStackRunExtension - Agent path: null
17:49:10.993 [ApplicationImpl pooled thread 6747] INFO  c.b.l.BrowserStackRunExtension - testng
17:49:10.993 [ApplicationImpl pooled thread 6747] INFO  com.browserstack.utils.Helpers - null
17:49:10.994 [ApplicationImpl pooled thread 6747] INFO  c.b.l.BrowserStackRunExtension - Agent path: null
17:50:18.759 [ApplicationImpl pooled thread 6684] INFO  c.b.l.BrowserStackRunExtension - testng
17:50:18.759 [ApplicationImpl pooled thread 6684] INFO  com.browserstack.utils.Helpers - null
17:50:18.759 [ApplicationImpl pooled thread 6684] INFO  c.b.l.BrowserStackRunExtension - Agent path: null
17:57:27.604 [ApplicationImpl pooled thread 6744] INFO  c.b.l.BrowserStackRunExtension - testng
17:57:27.604 [ApplicationImpl pooled thread 6744] INFO  com.browserstack.utils.Helpers - null
17:57:27.604 [ApplicationImpl pooled thread 6744] INFO  c.b.l.BrowserStackRunExtension - Agent path: null
17:58:19.731 [ApplicationImpl pooled thread 6744] INFO  c.b.l.BrowserStackRunExtension - testng
17:58:19.731 [ApplicationImpl pooled thread 6744] INFO  com.browserstack.utils.Helpers - null
17:58:19.731 [ApplicationImpl pooled thread 6744] INFO  c.b.l.BrowserStackRunExtension - Agent path: null
18:04:52.342 [ApplicationImpl pooled thread 6757] INFO  c.b.l.BrowserStackRunExtension - testng
18:04:52.342 [ApplicationImpl pooled thread 6757] INFO  com.browserstack.utils.Helpers - null
18:04:52.343 [ApplicationImpl pooled thread 6757] INFO  c.b.l.BrowserStackRunExtension - Agent path: null
18:06:14.154 [ApplicationImpl pooled thread 6763] INFO  c.b.l.BrowserStackRunExtension - testng
18:06:14.154 [ApplicationImpl pooled thread 6763] INFO  com.browserstack.utils.Helpers - null
18:06:14.154 [ApplicationImpl pooled thread 6763] INFO  c.b.l.BrowserStackRunExtension - Agent path: null
18:13:10.413 [ApplicationImpl pooled thread 6760] INFO  c.b.l.BrowserStackRunExtension - testng
18:13:10.413 [ApplicationImpl pooled thread 6760] INFO  com.browserstack.utils.Helpers - null
18:13:10.415 [ApplicationImpl pooled thread 6760] INFO  c.b.l.BrowserStackRunExtension - Agent path: null
18:14:00.654 [ApplicationImpl pooled thread 6745] INFO  c.b.l.BrowserStackRunExtension - testng
18:14:00.654 [ApplicationImpl pooled thread 6745] INFO  com.browserstack.utils.Helpers - null
18:14:00.655 [ApplicationImpl pooled thread 6745] INFO  c.b.l.BrowserStackRunExtension - Agent path: null
18:16:04.563 [ApplicationImpl pooled thread 6777] INFO  c.b.l.BrowserStackRunExtension - testng
18:16:04.563 [ApplicationImpl pooled thread 6777] INFO  com.browserstack.utils.Helpers - null
18:16:04.563 [ApplicationImpl pooled thread 6777] INFO  c.b.l.BrowserStackRunExtension - Agent path: null
18:20:58.554 [ApplicationImpl pooled thread 6752] INFO  c.b.l.BrowserStackRunExtension - testng
18:20:58.555 [ApplicationImpl pooled thread 6752] INFO  com.browserstack.utils.Helpers - null
18:20:58.555 [ApplicationImpl pooled thread 6752] INFO  c.b.l.BrowserStackRunExtension - Agent path: null
18:23:40.122 [ApplicationImpl pooled thread 6744] INFO  c.b.l.BrowserStackRunExtension - testng
18:23:40.122 [ApplicationImpl pooled thread 6744] INFO  com.browserstack.utils.Helpers - null
18:23:40.123 [ApplicationImpl pooled thread 6744] INFO  c.b.l.BrowserStackRunExtension - Agent path: null
19:30:52.874 [ApplicationImpl pooled thread 6826] INFO  c.b.l.BrowserStackRunExtension - testng
19:30:52.874 [ApplicationImpl pooled thread 6826] INFO  com.browserstack.utils.Helpers - null
19:30:52.874 [ApplicationImpl pooled thread 6826] INFO  c.b.l.BrowserStackRunExtension - Agent path: null
19:33:49.639 [ApplicationImpl pooled thread 6793] INFO  c.b.l.BrowserStackRunExtension - testng
19:33:49.639 [ApplicationImpl pooled thread 6793] INFO  com.browserstack.utils.Helpers - null
19:33:49.640 [ApplicationImpl pooled thread 6793] INFO  c.b.l.BrowserStackRunExtension - Agent path: null
19:35:18.440 [ApplicationImpl pooled thread 6821] INFO  c.b.l.BrowserStackRunExtension - testng
19:35:18.441 [ApplicationImpl pooled thread 6821] INFO  com.browserstack.utils.Helpers - null
19:35:18.441 [ApplicationImpl pooled thread 6821] INFO  c.b.l.BrowserStackRunExtension - Agent path: null
19:46:09.739 [ApplicationImpl pooled thread 6816] INFO  c.b.l.BrowserStackRunExtension - testng
19:46:09.739 [ApplicationImpl pooled thread 6816] INFO  com.browserstack.utils.Helpers - null
19:46:09.740 [ApplicationImpl pooled thread 6816] INFO  c.b.l.BrowserStackRunExtension - Agent path: null
20:19:46.544 [AWT-EventQueue-0] INFO  c.b.actions.EnableBrowserStack - Setting enable browserstack run update
20:19:46.651 [AWT-EventQueue-0] INFO  c.b.actions.DisableBrowserStack - Setting disable browserstack run update
20:19:46.849 [AWT-EventQueue-0] INFO  c.b.actions.EnableBrowserStack - Setting enable browserstack run update
20:41:05.269 [AWT-EventQueue-0] INFO  c.b.actions.EnableBrowserStack - Setting enable browserstack run update
20:41:05.323 [AWT-EventQueue-0] INFO  c.b.actions.DisableBrowserStack - Setting disable browserstack run update
20:41:05.411 [AWT-EventQueue-0] INFO  c.b.actions.EnableBrowserStack - Setting enable browserstack run update
18:05:38.490 [ApplicationImpl pooled thread 7758] INFO  c.b.l.BrowserStackRunExtension - testng
18:05:38.491 [ApplicationImpl pooled thread 7758] INFO  com.browserstack.utils.Helpers - null
18:05:38.491 [ApplicationImpl pooled thread 7758] INFO  c.b.l.BrowserStackRunExtension - Agent path: null
18:05:59.228 [ApplicationImpl pooled thread 7769] INFO  c.b.l.BrowserStackRunExtension - testng
18:05:59.228 [ApplicationImpl pooled thread 7769] INFO  com.browserstack.utils.Helpers - null
18:05:59.229 [ApplicationImpl pooled thread 7769] INFO  c.b.l.BrowserStackRunExtension - Agent path: null
18:08:34.507 [ApplicationImpl pooled thread 24] INFO  c.b.l.BrowserStackRunExtension - testng
18:08:34.508 [ApplicationImpl pooled thread 24] INFO  com.browserstack.utils.Helpers - null
18:08:34.508 [ApplicationImpl pooled thread 24] INFO  c.b.l.BrowserStackRunExtension - Agent path: null
18:11:28.841 [ApplicationImpl pooled thread 16] INFO  c.b.l.BrowserStackRunExtension - testng
18:11:28.841 [ApplicationImpl pooled thread 16] INFO  com.browserstack.utils.Helpers - null
18:11:28.842 [ApplicationImpl pooled thread 16] INFO  c.b.l.BrowserStackRunExtension - Agent path: null
18:16:44.450 [ApplicationImpl pooled thread 35] INFO  c.b.l.BrowserStackRunExtension - testng
18:16:44.450 [ApplicationImpl pooled thread 35] INFO  com.browserstack.utils.Helpers - null
18:16:44.452 [ApplicationImpl pooled thread 35] INFO  c.b.l.BrowserStackRunExtension - Agent path: null
18:57:25.206 [ApplicationImpl pooled thread 55] INFO  c.b.l.BrowserStackRunExtension - testng
18:57:25.206 [ApplicationImpl pooled thread 55] INFO  com.browserstack.utils.Helpers - null
18:57:25.207 [ApplicationImpl pooled thread 55] INFO  c.b.l.BrowserStackRunExtension - Agent path: null
21:42:24.035 [ApplicationImpl pooled thread 161] INFO  c.b.l.BrowserStackRunExtension - testng
21:42:24.035 [ApplicationImpl pooled thread 161] INFO  com.browserstack.utils.Helpers - null
21:42:24.035 [ApplicationImpl pooled thread 161] INFO  c.b.l.BrowserStackRunExtension - Agent path: null
21:43:02.327 [ApplicationImpl pooled thread 173] INFO  c.b.l.BrowserStackRunExtension - testng
21:43:02.327 [ApplicationImpl pooled thread 173] INFO  com.browserstack.utils.Helpers - null
21:43:02.329 [ApplicationImpl pooled thread 173] INFO  c.b.l.BrowserStackRunExtension - Agent path: null
21:44:32.431 [ApplicationImpl pooled thread 182] INFO  c.b.l.BrowserStackRunExtension - testng
21:44:32.431 [ApplicationImpl pooled thread 182] INFO  com.browserstack.utils.Helpers - null
21:44:32.433 [ApplicationImpl pooled thread 182] INFO  c.b.l.BrowserStackRunExtension - Agent path: null
21:45:50.537 [ApplicationImpl pooled thread 191] INFO  c.b.l.BrowserStackRunExtension - testng
21:45:50.537 [ApplicationImpl pooled thread 191] INFO  com.browserstack.utils.Helpers - null
21:45:50.539 [ApplicationImpl pooled thread 191] INFO  c.b.l.BrowserStackRunExtension - Agent path: null
21:48:52.765 [ApplicationImpl pooled thread 200] INFO  c.b.l.BrowserStackRunExtension - testng
21:48:52.765 [ApplicationImpl pooled thread 200] INFO  com.browserstack.utils.Helpers - null
21:48:52.767 [ApplicationImpl pooled thread 200] INFO  c.b.l.BrowserStackRunExtension - Agent path: null
21:51:40.164 [ApplicationImpl pooled thread 27] INFO  c.b.l.BrowserStackRunExtension - testng
21:51:40.165 [ApplicationImpl pooled thread 27] INFO  com.browserstack.utils.Helpers - null
21:51:40.165 [ApplicationImpl pooled thread 27] INFO  c.b.l.BrowserStackRunExtension - Agent path: null
21:52:10.690 [ApplicationImpl pooled thread 7] INFO  c.b.l.BrowserStackRunExtension - testng
21:52:10.690 [ApplicationImpl pooled thread 7] INFO  com.browserstack.utils.Helpers - null
21:52:10.690 [ApplicationImpl pooled thread 7] INFO  c.b.l.BrowserStackRunExtension - Agent path: null
21:58:59.537 [ApplicationImpl pooled thread 37] INFO  c.b.l.BrowserStackRunExtension - testng
21:58:59.537 [ApplicationImpl pooled thread 37] INFO  com.browserstack.utils.Helpers - null
21:58:59.539 [ApplicationImpl pooled thread 37] INFO  c.b.l.BrowserStackRunExtension - Agent path: null
22:05:12.496 [ApplicationImpl pooled thread 49] INFO  c.b.l.BrowserStackRunExtension - testng
22:05:12.497 [ApplicationImpl pooled thread 49] INFO  com.browserstack.utils.Helpers - null
22:05:12.498 [ApplicationImpl pooled thread 49] INFO  c.b.l.BrowserStackRunExtension - Agent path: null
22:07:36.984 [ApplicationImpl pooled thread 42] INFO  c.b.l.BrowserStackRunExtension - testng
22:07:36.984 [ApplicationImpl pooled thread 42] INFO  com.browserstack.utils.Helpers - null
22:07:36.985 [ApplicationImpl pooled thread 42] INFO  c.b.l.BrowserStackRunExtension - Agent path: null
22:09:48.285 [ApplicationImpl pooled thread 54] INFO  c.b.l.BrowserStackRunExtension - testng
22:09:48.286 [ApplicationImpl pooled thread 54] INFO  com.browserstack.utils.Helpers - null
22:09:48.287 [ApplicationImpl pooled thread 54] INFO  c.b.l.BrowserStackRunExtension - Agent path: null
22:13:00.641 [ApplicationImpl pooled thread 42] INFO  c.b.l.BrowserStackRunExtension - testng
22:13:00.641 [ApplicationImpl pooled thread 42] INFO  com.browserstack.utils.Helpers - null
22:13:00.641 [ApplicationImpl pooled thread 42] INFO  c.b.l.BrowserStackRunExtension - Agent path: null
22:21:31.422 [ApplicationImpl pooled thread 63] INFO  c.b.l.BrowserStackRunExtension - testng
22:21:31.423 [ApplicationImpl pooled thread 63] INFO  com.browserstack.utils.Helpers - null
22:21:31.423 [ApplicationImpl pooled thread 63] INFO  c.b.l.BrowserStackRunExtension - Agent path: null
22:22:08.547 [ApplicationImpl pooled thread 64] INFO  c.b.l.BrowserStackRunExtension - testng
22:22:08.547 [ApplicationImpl pooled thread 64] INFO  com.browserstack.utils.Helpers - null
22:22:08.549 [ApplicationImpl pooled thread 64] INFO  c.b.l.BrowserStackRunExtension - Agent path: null
22:23:22.837 [ApplicationImpl pooled thread 64] INFO  c.b.l.BrowserStackRunExtension - testng
22:23:22.837 [ApplicationImpl pooled thread 64] INFO  com.browserstack.utils.Helpers - null
22:23:22.837 [ApplicationImpl pooled thread 64] INFO  c.b.l.BrowserStackRunExtension - Agent path: null
22:25:01.298 [ApplicationImpl pooled thread 65] INFO  c.b.l.BrowserStackRunExtension - testng
22:25:01.299 [ApplicationImpl pooled thread 65] INFO  com.browserstack.utils.Helpers - null
22:25:01.299 [ApplicationImpl pooled thread 65] INFO  c.b.l.BrowserStackRunExtension - Agent path: null
22:26:57.751 [ApplicationImpl pooled thread 66] INFO  c.b.l.BrowserStackRunExtension - testng
22:26:57.751 [ApplicationImpl pooled thread 66] INFO  com.browserstack.utils.Helpers - null
22:26:57.753 [ApplicationImpl pooled thread 66] INFO  c.b.l.BrowserStackRunExtension - Agent path: null
22:29:08.621 [ApplicationImpl pooled thread 65] INFO  c.b.l.BrowserStackRunExtension - testng
22:29:08.621 [ApplicationImpl pooled thread 65] INFO  com.browserstack.utils.Helpers - null
22:29:08.622 [ApplicationImpl pooled thread 65] INFO  c.b.l.BrowserStackRunExtension - Agent path: null
22:33:07.198 [ApplicationImpl pooled thread 73] INFO  c.b.l.BrowserStackRunExtension - testng
22:33:07.199 [ApplicationImpl pooled thread 73] INFO  com.browserstack.utils.Helpers - null
22:33:07.199 [ApplicationImpl pooled thread 73] INFO  c.b.l.BrowserStackRunExtension - Agent path: null
22:34:06.097 [ApplicationImpl pooled thread 89] INFO  c.b.l.BrowserStackRunExtension - testng
22:34:06.097 [ApplicationImpl pooled thread 89] INFO  com.browserstack.utils.Helpers - null
22:34:06.098 [ApplicationImpl pooled thread 89] INFO  c.b.l.BrowserStackRunExtension - Agent path: null
00:07:40.130 [ApplicationImpl pooled thread 159] INFO  c.b.l.BrowserStackRunExtension - testng
00:07:40.130 [ApplicationImpl pooled thread 159] INFO  com.browserstack.utils.Helpers - null
00:07:40.131 [ApplicationImpl pooled thread 159] INFO  c.b.l.BrowserStackRunExtension - Agent path: null
00:09:06.274 [ApplicationImpl pooled thread 141] INFO  c.b.l.BrowserStackRunExtension - testng
00:09:06.275 [ApplicationImpl pooled thread 141] INFO  com.browserstack.utils.Helpers - null
00:09:06.275 [ApplicationImpl pooled thread 141] INFO  c.b.l.BrowserStackRunExtension - Agent path: null
00:10:28.397 [ApplicationImpl pooled thread 165] INFO  c.b.l.BrowserStackRunExtension - testng
00:10:28.397 [ApplicationImpl pooled thread 165] INFO  com.browserstack.utils.Helpers - null
00:10:28.398 [ApplicationImpl pooled thread 165] INFO  c.b.l.BrowserStackRunExtension - Agent path: null
00:11:54.811 [ApplicationImpl pooled thread 162] INFO  c.b.l.BrowserStackRunExtension - testng
00:11:54.811 [ApplicationImpl pooled thread 162] INFO  com.browserstack.utils.Helpers - null
00:11:54.812 [ApplicationImpl pooled thread 162] INFO  c.b.l.BrowserStackRunExtension - Agent path: null
00:12:15.434 [ApplicationImpl pooled thread 166] INFO  c.b.l.BrowserStackRunExtension - testng
00:12:15.434 [ApplicationImpl pooled thread 166] INFO  com.browserstack.utils.Helpers - null
00:12:15.436 [ApplicationImpl pooled thread 166] INFO  c.b.l.BrowserStackRunExtension - Agent path: null
00:12:37.267 [ApplicationImpl pooled thread 176] INFO  c.b.l.BrowserStackRunExtension - testng
00:12:37.267 [ApplicationImpl pooled thread 176] INFO  com.browserstack.utils.Helpers - null
00:12:37.269 [ApplicationImpl pooled thread 176] INFO  c.b.l.BrowserStackRunExtension - Agent path: null
00:14:55.524 [ApplicationImpl pooled thread 177] INFO  c.b.l.BrowserStackRunExtension - testng
00:14:55.524 [ApplicationImpl pooled thread 177] INFO  com.browserstack.utils.Helpers - null
00:14:55.524 [ApplicationImpl pooled thread 177] INFO  c.b.l.BrowserStackRunExtension - Agent path: null
00:15:14.435 [ApplicationImpl pooled thread 185] INFO  c.b.l.BrowserStackRunExtension - testng
00:15:14.435 [ApplicationImpl pooled thread 185] INFO  com.browserstack.utils.Helpers - null
00:15:14.436 [ApplicationImpl pooled thread 185] INFO  c.b.l.BrowserStackRunExtension - Agent path: null
00:16:23.495 [ApplicationImpl pooled thread 186] INFO  c.b.l.BrowserStackRunExtension - testng
00:16:23.495 [ApplicationImpl pooled thread 186] INFO  com.browserstack.utils.Helpers - null
00:16:23.497 [ApplicationImpl pooled thread 186] INFO  c.b.l.BrowserStackRunExtension - Agent path: null
00:22:27.949 [ApplicationImpl pooled thread 190] INFO  c.b.l.BrowserStackRunExtension - testng
00:22:27.950 [ApplicationImpl pooled thread 190] INFO  com.browserstack.utils.Helpers - null
00:22:27.950 [ApplicationImpl pooled thread 190] INFO  c.b.l.BrowserStackRunExtension - Agent path: null
00:27:08.073 [ApplicationImpl pooled thread 209] INFO  c.b.l.BrowserStackRunExtension - testng
00:27:08.074 [ApplicationImpl pooled thread 209] INFO  com.browserstack.utils.Helpers - null
00:27:08.074 [ApplicationImpl pooled thread 209] INFO  c.b.l.BrowserStackRunExtension - Agent path: null
00:28:34.723 [ApplicationImpl pooled thread 192] INFO  c.b.l.BrowserStackRunExtension - testng
00:28:34.724 [ApplicationImpl pooled thread 192] INFO  com.browserstack.utils.Helpers - null
00:28:34.724 [ApplicationImpl pooled thread 192] INFO  c.b.l.BrowserStackRunExtension - Agent path: null
01:03:27.000 [ApplicationImpl pooled thread 242] INFO  c.b.l.BrowserStackRunExtension - testng
01:03:27.000 [ApplicationImpl pooled thread 242] INFO  com.browserstack.utils.Helpers - null
01:03:27.000 [ApplicationImpl pooled thread 242] INFO  c.b.l.BrowserStackRunExtension - Agent path: null
08:36:31.090 [ApplicationImpl pooled thread 538] INFO  c.b.l.BrowserStackRunExtension - testng
08:36:31.091 [ApplicationImpl pooled thread 538] INFO  com.browserstack.utils.Helpers - null
08:36:31.092 [ApplicationImpl pooled thread 538] INFO  c.b.l.BrowserStackRunExtension - Agent path: null
08:45:58.364 [ApplicationImpl pooled thread 547] INFO  c.b.l.BrowserStackRunExtension - testng
08:45:58.365 [ApplicationImpl pooled thread 547] INFO  com.browserstack.utils.Helpers - null
08:45:58.365 [ApplicationImpl pooled thread 547] INFO  c.b.l.BrowserStackRunExtension - Agent path: null
09:09:13.494 [ApplicationImpl pooled thread 562] INFO  c.b.l.BrowserStackRunExtension - testng
09:09:13.495 [ApplicationImpl pooled thread 562] INFO  com.browserstack.utils.Helpers - null
09:09:13.495 [ApplicationImpl pooled thread 562] INFO  c.b.l.BrowserStackRunExtension - Agent path: null
09:20:58.371 [ApplicationImpl pooled thread 593] INFO  c.b.l.BrowserStackRunExtension - testng
09:20:58.371 [ApplicationImpl pooled thread 593] INFO  com.browserstack.utils.Helpers - null
09:20:58.373 [ApplicationImpl pooled thread 593] INFO  c.b.l.BrowserStackRunExtension - Agent path: null
09:23:20.440 [ApplicationImpl pooled thread 581] INFO  c.b.l.BrowserStackRunExtension - testng
09:23:20.441 [ApplicationImpl pooled thread 581] INFO  com.browserstack.utils.Helpers - null
09:23:20.441 [ApplicationImpl pooled thread 581] INFO  c.b.l.BrowserStackRunExtension - Agent path: null
11:01:26.624 [ApplicationImpl pooled thread 602] INFO  c.b.l.BrowserStackRunExtension - testng
11:01:26.624 [ApplicationImpl pooled thread 602] INFO  com.browserstack.utils.Helpers - null
11:01:26.624 [ApplicationImpl pooled thread 602] INFO  c.b.l.BrowserStackRunExtension - Agent path: null
11:02:33.594 [ApplicationImpl pooled thread 707] INFO  c.b.l.BrowserStackRunExtension - testng
11:02:33.594 [ApplicationImpl pooled thread 707] INFO  com.browserstack.utils.Helpers - null
11:02:33.594 [ApplicationImpl pooled thread 707] INFO  c.b.l.BrowserStackRunExtension - Agent path: null
11:14:44.615 [ApplicationImpl pooled thread 707] INFO  c.b.l.BrowserStackRunExtension - testng
11:14:44.616 [ApplicationImpl pooled thread 707] INFO  com.browserstack.utils.Helpers - null
11:14:44.616 [ApplicationImpl pooled thread 707] INFO  c.b.l.BrowserStackRunExtension - Agent path: null
11:27:52.862 [ApplicationImpl pooled thread 743] INFO  c.b.l.BrowserStackRunExtension - testng
11:27:52.862 [ApplicationImpl pooled thread 743] INFO  com.browserstack.utils.Helpers - null
11:27:52.864 [ApplicationImpl pooled thread 743] INFO  c.b.l.BrowserStackRunExtension - Agent path: null
11:36:51.566 [ApplicationImpl pooled thread 738] INFO  c.b.l.BrowserStackRunExtension - testng
11:36:51.566 [ApplicationImpl pooled thread 738] INFO  com.browserstack.utils.Helpers - null
11:36:51.568 [ApplicationImpl pooled thread 738] INFO  c.b.l.BrowserStackRunExtension - Agent path: null
11:38:02.917 [ApplicationImpl pooled thread 759] INFO  c.b.l.BrowserStackRunExtension - testng
11:38:02.917 [ApplicationImpl pooled thread 759] INFO  com.browserstack.utils.Helpers - null
11:38:02.917 [ApplicationImpl pooled thread 759] INFO  c.b.l.BrowserStackRunExtension - Agent path: null
11:58:02.567 [ApplicationImpl pooled thread 804] INFO  c.b.l.BrowserStackRunExtension - testng
11:58:02.567 [ApplicationImpl pooled thread 804] INFO  com.browserstack.utils.Helpers - null
11:58:02.568 [ApplicationImpl pooled thread 804] INFO  c.b.l.BrowserStackRunExtension - Agent path: null
11:58:45.272 [ApplicationImpl pooled thread 801] INFO  c.b.l.BrowserStackRunExtension - testng
11:58:45.272 [ApplicationImpl pooled thread 801] INFO  com.browserstack.utils.Helpers - null
11:58:45.274 [ApplicationImpl pooled thread 801] INFO  c.b.l.BrowserStackRunExtension - Agent path: null
11:59:31.320 [ApplicationImpl pooled thread 801] INFO  c.b.l.BrowserStackRunExtension - testng
11:59:31.320 [ApplicationImpl pooled thread 801] INFO  com.browserstack.utils.Helpers - null
11:59:31.321 [ApplicationImpl pooled thread 801] INFO  c.b.l.BrowserStackRunExtension - Agent path: null
12:01:18.883 [ApplicationImpl pooled thread 780] INFO  c.b.l.BrowserStackRunExtension - testng
12:01:18.883 [ApplicationImpl pooled thread 780] INFO  com.browserstack.utils.Helpers - null
12:01:18.883 [ApplicationImpl pooled thread 780] INFO  c.b.l.BrowserStackRunExtension - Agent path: null
12:02:29.585 [ApplicationImpl pooled thread 807] INFO  c.b.l.BrowserStackRunExtension - testng
12:02:29.585 [ApplicationImpl pooled thread 807] INFO  com.browserstack.utils.Helpers - null
12:02:29.585 [ApplicationImpl pooled thread 807] INFO  c.b.l.BrowserStackRunExtension - Agent path: null
12:03:19.806 [ApplicationImpl pooled thread 804] INFO  c.b.l.BrowserStackRunExtension - testng
12:03:19.806 [ApplicationImpl pooled thread 804] INFO  com.browserstack.utils.Helpers - null
12:03:19.807 [ApplicationImpl pooled thread 804] INFO  c.b.l.BrowserStackRunExtension - Agent path: null
12:03:58.012 [ApplicationImpl pooled thread 800] INFO  c.b.l.BrowserStackRunExtension - testng
12:03:58.012 [ApplicationImpl pooled thread 800] INFO  com.browserstack.utils.Helpers - null
12:03:58.013 [ApplicationImpl pooled thread 800] INFO  c.b.l.BrowserStackRunExtension - Agent path: null
12:05:04.727 [ApplicationImpl pooled thread 8] INFO  c.b.l.BrowserStackRunExtension - testng
12:05:04.727 [ApplicationImpl pooled thread 8] INFO  com.browserstack.utils.Helpers - null
12:05:04.728 [ApplicationImpl pooled thread 8] INFO  c.b.l.BrowserStackRunExtension - Agent path: null
12:06:27.026 [ApplicationImpl pooled thread 21] INFO  c.b.l.BrowserStackRunExtension - testng
12:06:27.026 [ApplicationImpl pooled thread 21] INFO  com.browserstack.utils.Helpers - null
12:06:27.028 [ApplicationImpl pooled thread 21] INFO  c.b.l.BrowserStackRunExtension - Agent path: null
12:07:44.570 [ApplicationImpl pooled thread 14] INFO  c.b.l.BrowserStackRunExtension - testng
12:07:44.570 [ApplicationImpl pooled thread 14] INFO  com.browserstack.utils.Helpers - null
12:07:44.572 [ApplicationImpl pooled thread 14] INFO  c.b.l.BrowserStackRunExtension - Agent path: null
